<?xml version="1.0" encoding="utf-8"?><testsuites name="pytest tests"><testsuite name="pytest" errors="0" failures="0" skipped="0" tests="9" time="1.054" timestamp="2026-04-20T19:41:46.259377+00:00" hostname="agent-env-a6c3a5c1-8bf8-4777-a881-7c8db7d8f745"><testcase classname="backend.tests.test_waitlist.TestWaitlistCreate" name="test_create_valid_entry" time="0.214" /><testcase classname="backend.tests.test_waitlist.TestWaitlistCreate" name="test_duplicate_returns_already_registered" time="0.109" /><testcase classname="backend.tests.test_waitlist.TestWaitlistCreate" name="test_duplicate_case_insensitive" time="0.098" /><testcase classname="backend.tests.test_waitlist.TestWaitlistCreate" name="test_invalid_email_returns_422" time="0.054" /><testcase classname="backend.tests.test_waitlist.TestWaitlistCreate" name="test_invalid_role_returns_422" time="0.050" /><testcase classname="backend.tests.test_waitlist.TestWaitlistCreate" name="test_role_other_default_works" time="0.096" /><testcase classname="backend.tests.test_waitlist.TestWaitlistCount" name="test_count_shape_and_offset" time="0.057" /><testcase classname="backend.tests.test_waitlist.TestWaitlistCount" name="test_count_increments_after_create" time="0.146" /><testcase classname="backend.tests.test_waitlist.TestRoot" name="test_root" time="0.049" /></testsuite></testsuites>