<?xml version="1.0" encoding="utf-8"?><testsuites name="pytest tests"><testsuite name="pytest" errors="0" failures="0" skipped="0" tests="9" time="1.099" timestamp="2026-04-21T07:19:08.072800+00:00" hostname="agent-env-a6c3a5c1-8bf8-4777-a881-7c8db7d8f745"><testcase classname="backend.tests.test_waitlist.TestWaitlistCreate" name="test_create_valid_entry" time="0.299" /><testcase classname="backend.tests.test_waitlist.TestWaitlistCreate" name="test_duplicate_returns_already_registered" time="0.103" /><testcase classname="backend.tests.test_waitlist.TestWaitlistCreate" name="test_duplicate_case_insensitive" time="0.121" /><testcase classname="backend.tests.test_waitlist.TestWaitlistCreate" name="test_invalid_email_returns_422" time="0.049" /><testcase classname="backend.tests.test_waitlist.TestWaitlistCreate" name="test_invalid_role_returns_422" time="0.052" /><testcase classname="backend.tests.test_waitlist.TestWaitlistCreate" name="test_role_other_default_works" time="0.048" /><testcase classname="backend.tests.test_waitlist.TestWaitlistCount" name="test_count_shape_and_offset" time="0.053" /><testcase classname="backend.tests.test_waitlist.TestWaitlistCount" name="test_count_increments_after_create" time="0.145" /><testcase classname="backend.tests.test_waitlist.TestRoot" name="test_root" time="0.048" /></testsuite></testsuites>